<?xml version="1.0" encoding="UTF-8"?>
<!-- Generated by org.testng.reporters.JUnitXMLReporter -->
<testsuite hostname="DESKTOP-U29B5NK" ignored="0" name="Default test" tests="4" failures="0" timestamp="2021-09-25T15:42:39 CDT" time="16.423" errors="0">
  <testcase name="agregarProducto" time="5.023" classname="com.sapiensfinal.test.CasosPrueba"/>
  <testcase name="borrarElemento" time="3.019" classname="com.sapiensfinal.test.CasosPrueba"/>
  <testcase name="agregarVarios" time="6.689" classname="com.sapiensfinal.test.CasosPrueba"/>
  <testcase name="validarCarrito" time="1.534" classname="com.sapiensfinal.test.CasosPrueba"/>
</testsuite> <!-- Default test -->
