<?xml version="1.0" encoding="UTF-8"?>
<!-- Generated by org.testng.reporters.JUnitXMLReporter -->
<testsuite hostname="DESKTOP-U29B5NK" ignored="0" name="Default test" tests="4" failures="0" timestamp="2021-09-25T22:18:58 CDT" time="16.797" errors="0">
  <testcase name="agregarProducto" time="5.445" classname="com.sapiensfinal.test.CasosPrueba"/>
  <testcase name="borrarElemento" time="2.748" classname="com.sapiensfinal.test.CasosPrueba"/>
  <testcase name="agregarVarios" time="6.723" classname="com.sapiensfinal.test.CasosPrueba"/>
  <testcase name="validarCarrito" time="1.714" classname="com.sapiensfinal.test.CasosPrueba"/>
</testsuite> <!-- Default test -->
