<?xml version="1.0" encoding="UTF-8"?>
<testng-results skipped="0" failed="0" ignored="0" total="2" passed="2">
  <reporter-output>
  </reporter-output>
  <suite name="Default suite" duration-ms="7574" started-at="2021-09-24T23:07:22 CDT" finished-at="2021-09-24T23:07:29 CDT">
    <groups>
    </groups>
    <test name="Default test" duration-ms="7574" started-at="2021-09-24T23:07:22 CDT" finished-at="2021-09-24T23:07:29 CDT">
      <class name="com.sapiensfinal.test.CasosPrueba">
        <test-method status="PASS" signature="abrirNavegador()[pri:0, instance:com.sapiensfinal.test.CasosPrueba@4a3631f8]" name="abrirNavegador" is-config="true" duration-ms="2593" started-at="2021-09-24T23:07:19 CDT" finished-at="2021-09-24T23:07:22 CDT">
          <reporter-output>
          </reporter-output>
        </test-method> <!-- abrirNavegador -->
        <test-method status="PASS" signature="agregarProducto()[pri:0, instance:com.sapiensfinal.test.CasosPrueba@4a3631f8]" name="agregarProducto" duration-ms="4808" started-at="2021-09-24T23:07:22 CDT" finished-at="2021-09-24T23:07:26 CDT">
          <reporter-output>
          </reporter-output>
        </test-method> <!-- agregarProducto -->
        <test-method status="PASS" signature="borrarElemento()[pri:0, instance:com.sapiensfinal.test.CasosPrueba@4a3631f8]" name="borrarElemento" duration-ms="2640" started-at="2021-09-24T23:07:27 CDT" depends-on-methods="com.sapiensfinal.test.CasosPrueba.agregarProducto" finished-at="2021-09-24T23:07:29 CDT">
          <reporter-output>
          </reporter-output>
        </test-method> <!-- borrarElemento -->
        <test-method status="PASS" signature="cerrarNavegador()[pri:0, instance:com.sapiensfinal.test.CasosPrueba@4a3631f8]" name="cerrarNavegador" is-config="true" duration-ms="406" started-at="2021-09-24T23:07:29 CDT" finished-at="2021-09-24T23:07:30 CDT">
          <reporter-output>
          </reporter-output>
        </test-method> <!-- cerrarNavegador -->
      </class> <!-- com.sapiensfinal.test.CasosPrueba -->
    </test> <!-- Default test -->
  </suite> <!-- Default suite -->
</testng-results>
